<?xml version="1.0" encoding="UTF-8"?>
<!-- Generated by org.testng.reporters.JUnitXMLReporter -->
<testsuite ignored="0" hostname="WKWIN3666686" failures="0" tests="1" name="Test" time="0.227" errors="0" timestamp="11 May 2022 06:46:31 GMT">
  <testcase classname="tests.NewTest" name="@BeforeTest beforeClass" time="0.168">
    <failure type="java.lang.NoSuchMethodError" message="&amp;apos;void org.openqa.selenium.chromium.ChromiumDriverCommandExecutor.&amp;lt;init&amp;gt;(java.lang.String, org.openqa.selenium.remote.service.DriverService)&amp;apos;">
      <![CDATA[java.lang.NoSuchMethodError: 'void org.openqa.selenium.chromium.ChromiumDriverCommandExecutor.<init>(java.lang.String, org.openqa.selenium.remote.service.DriverService)'
at org.openqa.selenium.chrome.ChromeDriver.<init>(ChromeDriver.java:163)
at org.openqa.selenium.chrome.ChromeDriver.<init>(ChromeDriver.java:150)
at org.openqa.selenium.chrome.ChromeDriver.<init>(ChromeDriver.java:105)
at tests.NewTest.beforeClass(NewTest.java:16)
... Removed 24 stack frames]]>
    </failure>
  </testcase> <!-- @BeforeTest beforeClass -->
  <testcase classname="tests.NewTest" name="@AfterTest afterClass" time="0.0">
    <skipped/>
  </testcase> <!-- @AfterTest afterClass -->
  <testcase classname="tests.NewTest" name="openMyBlog" time="0.0">
    <skipped/>
  </testcase> <!-- openMyBlog -->
</testsuite> <!-- Test -->
