<?xml version="1.0" encoding="UTF-8"?>
<testng-results total="1" passed="1" failed="0" skipped="0">
  <reporter-output>
  </reporter-output>
  <suite started-at="2022-05-11T06:45:24Z" name="Suite" finished-at="2022-05-11T06:45:36Z" duration-ms="12512">
    <groups>
    </groups>
    <test started-at="2022-05-11T06:45:24Z" name="Test" finished-at="2022-05-11T06:45:36Z" duration-ms="12512">
      <class name="tests.NewTest">
        <test-method is-config="true" signature="beforeClass()[pri:0, instance:tests.NewTest@e4487af]" started-at="2022-05-11T12:15:24Z" name="beforeClass" finished-at="2022-05-11T12:15:26Z" duration-ms="2157" status="PASS">
          <reporter-output>
          </reporter-output>
        </test-method> <!-- beforeClass -->
        <test-method signature="openMyBlog()[pri:0, instance:tests.NewTest@e4487af]" started-at="2022-05-11T12:15:26Z" name="openMyBlog" finished-at="2022-05-11T12:15:36Z" duration-ms="10167" status="PASS">
          <reporter-output>
          </reporter-output>
        </test-method> <!-- openMyBlog -->
        <test-method is-config="true" signature="afterClass()[pri:0, instance:tests.NewTest@e4487af]" started-at="2022-05-11T12:15:36Z" name="afterClass" finished-at="2022-05-11T12:15:36Z" duration-ms="170" status="PASS">
          <reporter-output>
          </reporter-output>
        </test-method> <!-- afterClass -->
      </class> <!-- tests.NewTest -->
    </test> <!-- Test -->
  </suite> <!-- Suite -->
</testng-results>
